<?xml version="1.0" encoding="UTF-8"?>
<!-- Generated by org.testng.reporters.JUnitReportReporter -->
<testsuite hostname="jkabir" name="regressoin.Testcase1" tests="4" failures="0" timestamp="4 Jun 2020 03:13:15 GMT" time="0.027" errors="0">
  <testcase name="dologin" time="0.009" classname="regressoin.Testcase1"/>
  <testcase name="douserReg" time="0.006" classname="regressoin.Testcase1"/>
  <testcase name="dologin" time="0.006" classname="regressoin.Testcase1"/>
  <testcase name="douserReg" time="0.006" classname="regressoin.Testcase1"/>
</testsuite> <!-- regressoin.Testcase1 -->
