<?xml version="1.0" encoding="UTF-8"?>
<!-- Generated by org.testng.reporters.JUnitReportReporter -->
<testsuite hostname="jkabir" name="testcases.Testcase1" tests="2" failures="0" timestamp="4 Jun 2020 02:33:05 GMT" time="0.016" errors="0">
  <testcase name="dologin" time="0.004" classname="testcases.Testcase1"/>
  <testcase name="douserReg" time="0.012" classname="testcases.Testcase1"/>
</testsuite> <!-- testcases.Testcase1 -->
