<?xml version="1.0" encoding="UTF-8"?>
<!-- Generated by org.testng.reporters.JUnitReportReporter -->
<testsuite hostname="jkabir" name="com.testng.TestngBasic" tests="3" failures="0" timestamp="28 Jun 2020 02:37:52 GMT" time="0.003" errors="0">
  <testcase name="googleLogoTest" time="0.001" classname="com.testng.TestngBasic"/>
  <testcase name="googletitletest" time="0.001" classname="com.testng.TestngBasic"/>
  <testcase name="searchTest" time="0.001" classname="com.testng.TestngBasic"/>
</testsuite> <!-- com.testng.TestngBasic -->
